<?xml version="1.0" encoding="UTF-8"?>
<testng-results skipped="0" failed="1" ignored="0" total="6" passed="5">
  <reporter-output>
  </reporter-output>
  <suite name="Suite" duration-ms="225146" started-at="2018-07-14T14:50:23Z" finished-at="2018-07-14T14:54:08Z">
    <groups>
    </groups>
    <test name="TestForFirefox" duration-ms="163403" started-at="2018-07-14T14:50:23Z" finished-at="2018-07-14T14:53:07Z">
      <class name="com.hellofresh.challenge.WebTest">
        <test-method status="PASS" signature="setUp(java.lang.String)[pri:0, instance:com.hellofresh.challenge.WebTest@4cf777e8]" name="setUp" is-config="true" duration-ms="28395" started-at="2018-07-14T14:50:23Z" finished-at="2018-07-14T14:50:52Z">
          <params>
            <param index="0">
              <value>
                <![CDATA[firefox]]>
              </value>
            </param>
          </params>
          <reporter-output>
          </reporter-output>
        </test-method> <!-- setUp -->
        <test-method status="PASS" signature="checkoutTest()[pri:0, instance:com.hellofresh.challenge.WebTest@4cf777e8]" name="checkoutTest" duration-ms="49396" started-at="2018-07-14T14:50:52Z" finished-at="2018-07-14T14:51:41Z">
          <reporter-output>
          </reporter-output>
        </test-method> <!-- checkoutTest -->
        <test-method status="PASS" signature="checkFailure(org.testng.ITestResult)[pri:0, instance:com.hellofresh.challenge.WebTest@4cf777e8]" name="checkFailure" is-config="true" duration-ms="409" started-at="2018-07-14T14:51:41Z" finished-at="2018-07-14T14:51:42Z">
          <params>
            <param index="0">
              <value>
                <![CDATA[[TestResult name=checkoutTest status=SUCCESS method=WebTest.checkoutTest()[pri:0, instance:com.hellofresh.challenge.WebTest@4cf777e8] output={null}]]]>
              </value>
            </param>
          </params>
          <reporter-output>
          </reporter-output>
        </test-method> <!-- checkFailure -->
        <test-method status="PASS" signature="setUp(java.lang.String)[pri:0, instance:com.hellofresh.challenge.WebTest@4cf777e8]" name="setUp" is-config="true" duration-ms="27871" started-at="2018-07-14T14:51:42Z" finished-at="2018-07-14T14:52:09Z">
          <params>
            <param index="0">
              <value>
                <![CDATA[firefox]]>
              </value>
            </param>
          </params>
          <reporter-output>
          </reporter-output>
        </test-method> <!-- setUp -->
        <test-method status="PASS" signature="logInTest()[pri:0, instance:com.hellofresh.challenge.WebTest@4cf777e8]" name="logInTest" duration-ms="8138" started-at="2018-07-14T14:52:09Z" finished-at="2018-07-14T14:52:18Z">
          <reporter-output>
          </reporter-output>
        </test-method> <!-- logInTest -->
        <test-method status="PASS" signature="checkFailure(org.testng.ITestResult)[pri:0, instance:com.hellofresh.challenge.WebTest@4cf777e8]" name="checkFailure" is-config="true" duration-ms="505" started-at="2018-07-14T14:52:18Z" finished-at="2018-07-14T14:52:18Z">
          <params>
            <param index="0">
              <value>
                <![CDATA[[TestResult name=logInTest status=SUCCESS method=WebTest.logInTest()[pri:0, instance:com.hellofresh.challenge.WebTest@4cf777e8] output={null}]]]>
              </value>
            </param>
          </params>
          <reporter-output>
          </reporter-output>
        </test-method> <!-- checkFailure -->
        <test-method status="PASS" signature="setUp(java.lang.String)[pri:0, instance:com.hellofresh.challenge.WebTest@4cf777e8]" name="setUp" is-config="true" duration-ms="32624" started-at="2018-07-14T14:52:18Z" finished-at="2018-07-14T14:52:51Z">
          <params>
            <param index="0">
              <value>
                <![CDATA[firefox]]>
              </value>
            </param>
          </params>
          <reporter-output>
          </reporter-output>
        </test-method> <!-- setUp -->
        <test-method status="FAIL" signature="signInTest()[pri:0, instance:com.hellofresh.challenge.WebTest@4cf777e8]" name="signInTest" duration-ms="15531" started-at="2018-07-14T14:52:51Z" finished-at="2018-07-14T14:53:06Z">
          <exception class="org.openqa.selenium.TimeoutException">
            <message>
              <![CDATA[Expected condition failed: waiting for visibility of element located by By.id: id_gender2 (tried for 10 second(s) with 50 milliseconds interval)]]>
            </message>
            <full-stacktrace>
              <![CDATA[org.openqa.selenium.TimeoutException: Expected condition failed: waiting for visibility of element located by By.id: id_gender2 (tried for 10 second(s) with 50 milliseconds interval)
at org.openqa.selenium.support.ui.WebDriverWait.timeoutException(WebDriverWait.java:81)
at org.openqa.selenium.support.ui.FluentWait.until(FluentWait.java:271)
at com.hellofresh.challenge.WebTest.signInTest(WebTest.java:66)
at sun.reflect.NativeMethodAccessorImpl.invoke0(Native Method)
at sun.reflect.NativeMethodAccessorImpl.invoke(Unknown Source)
at sun.reflect.DelegatingMethodAccessorImpl.invoke(Unknown Source)
at java.lang.reflect.Method.invoke(Unknown Source)
at org.testng.internal.MethodInvocationHelper.invokeMethod(MethodInvocationHelper.java:124)
at org.testng.internal.Invoker.invokeMethod(Invoker.java:580)
at org.testng.internal.Invoker.invokeTestMethod(Invoker.java:716)
at org.testng.internal.Invoker.invokeTestMethods(Invoker.java:988)
at org.testng.internal.TestMethodWorker.invokeTestMethods(TestMethodWorker.java:125)
at org.testng.internal.TestMethodWorker.run(TestMethodWorker.java:109)
at org.testng.TestRunner.privateRun(TestRunner.java:648)
at org.testng.TestRunner.run(TestRunner.java:505)
at org.testng.SuiteRunner.runTest(SuiteRunner.java:455)
at org.testng.SuiteRunner.access$000(SuiteRunner.java:40)
at org.testng.SuiteRunner$SuiteWorker.run(SuiteRunner.java:489)
at org.testng.internal.thread.ThreadUtil$1.call(ThreadUtil.java:52)
at java.util.concurrent.FutureTask.run(Unknown Source)
at java.util.concurrent.ThreadPoolExecutor.runWorker(Unknown Source)
at java.util.concurrent.ThreadPoolExecutor$Worker.run(Unknown Source)
at java.lang.Thread.run(Unknown Source)
Caused by: org.openqa.selenium.NoSuchElementException: Cannot locate an element using By.id: id_gender2
For documentation on this error, please visit: http://seleniumhq.org/exceptions/no_such_element.html
Build info: version: '3.11.0', revision: 'e59cfb3', time: '2018-03-11T20:26:55.152Z'
System info: host: 'DESKTOP-P2G0985', ip: '192.168.8.30', os.name: 'Windows 10', os.arch: 'amd64', os.version: '10.0', java.version: '1.8.0_161'
Driver info: driver.version: unknown
at org.openqa.selenium.support.ui.ExpectedConditions.lambda$findElement$0(ExpectedConditions.java:896)
at java.util.Optional.orElseThrow(Unknown Source)
at org.openqa.selenium.support.ui.ExpectedConditions.findElement(ExpectedConditions.java:895)
at org.openqa.selenium.support.ui.ExpectedConditions.access$000(ExpectedConditions.java:44)
at org.openqa.selenium.support.ui.ExpectedConditions$7.apply(ExpectedConditions.java:206)
at org.openqa.selenium.support.ui.ExpectedConditions$7.apply(ExpectedConditions.java:202)
at org.openqa.selenium.support.ui.FluentWait.until(FluentWait.java:248)
... 21 more
]]>
            </full-stacktrace>
          </exception> <!-- org.openqa.selenium.TimeoutException -->
          <reporter-output>
          </reporter-output>
        </test-method> <!-- signInTest -->
        <test-method status="PASS" signature="checkFailure(org.testng.ITestResult)[pri:0, instance:com.hellofresh.challenge.WebTest@4cf777e8]" name="checkFailure" is-config="true" duration-ms="490" started-at="2018-07-14T14:53:06Z" finished-at="2018-07-14T14:53:07Z">
          <params>
            <param index="0">
              <value>
                <![CDATA[[TestResult name=signInTest status=FAILURE method=WebTest.signInTest()[pri:0, instance:com.hellofresh.challenge.WebTest@4cf777e8] output={null}]]]>
              </value>
            </param>
          </params>
          <reporter-output>
          </reporter-output>
        </test-method> <!-- checkFailure -->
      </class> <!-- com.hellofresh.challenge.WebTest -->
    </test> <!-- TestForFirefox -->
    <test name="TestForChrome" duration-ms="225146" started-at="2018-07-14T14:50:23Z" finished-at="2018-07-14T14:54:08Z">
      <class name="com.hellofresh.challenge.WebTest">
        <test-method status="PASS" signature="setUp(java.lang.String)[pri:0, instance:com.hellofresh.challenge.WebTest@7cd62f43]" name="setUp" is-config="true" duration-ms="56601" started-at="2018-07-14T14:50:23Z" finished-at="2018-07-14T14:51:20Z">
          <params>
            <param index="0">
              <value>
                <![CDATA[chrome]]>
              </value>
            </param>
          </params>
          <reporter-output>
          </reporter-output>
        </test-method> <!-- setUp -->
        <test-method status="PASS" signature="checkoutTest()[pri:0, instance:com.hellofresh.challenge.WebTest@7cd62f43]" name="checkoutTest" duration-ms="45363" started-at="2018-07-14T14:51:20Z" finished-at="2018-07-14T14:52:05Z">
          <reporter-output>
          </reporter-output>
        </test-method> <!-- checkoutTest -->
        <test-method status="PASS" signature="checkFailure(org.testng.ITestResult)[pri:0, instance:com.hellofresh.challenge.WebTest@7cd62f43]" name="checkFailure" is-config="true" duration-ms="929" started-at="2018-07-14T14:52:05Z" finished-at="2018-07-14T14:52:06Z">
          <params>
            <param index="0">
              <value>
                <![CDATA[[TestResult name=checkoutTest status=SUCCESS method=WebTest.checkoutTest()[pri:0, instance:com.hellofresh.challenge.WebTest@7cd62f43] output={null}]]]>
              </value>
            </param>
          </params>
          <reporter-output>
          </reporter-output>
        </test-method> <!-- checkFailure -->
        <test-method status="PASS" signature="setUp(java.lang.String)[pri:0, instance:com.hellofresh.challenge.WebTest@7cd62f43]" name="setUp" is-config="true" duration-ms="49619" started-at="2018-07-14T14:52:06Z" finished-at="2018-07-14T14:52:56Z">
          <params>
            <param index="0">
              <value>
                <![CDATA[chrome]]>
              </value>
            </param>
          </params>
          <reporter-output>
          </reporter-output>
        </test-method> <!-- setUp -->
        <test-method status="PASS" signature="logInTest()[pri:0, instance:com.hellofresh.challenge.WebTest@7cd62f43]" name="logInTest" duration-ms="9998" started-at="2018-07-14T14:52:56Z" finished-at="2018-07-14T14:53:06Z">
          <reporter-output>
          </reporter-output>
        </test-method> <!-- logInTest -->
        <test-method status="PASS" signature="checkFailure(org.testng.ITestResult)[pri:0, instance:com.hellofresh.challenge.WebTest@7cd62f43]" name="checkFailure" is-config="true" duration-ms="749" started-at="2018-07-14T14:53:06Z" finished-at="2018-07-14T14:53:07Z">
          <params>
            <param index="0">
              <value>
                <![CDATA[[TestResult name=logInTest status=SUCCESS method=WebTest.logInTest()[pri:0, instance:com.hellofresh.challenge.WebTest@7cd62f43] output={null}]]]>
              </value>
            </param>
          </params>
          <reporter-output>
          </reporter-output>
        </test-method> <!-- checkFailure -->
        <test-method status="PASS" signature="setUp(java.lang.String)[pri:0, instance:com.hellofresh.challenge.WebTest@7cd62f43]" name="setUp" is-config="true" duration-ms="49428" started-at="2018-07-14T14:53:07Z" finished-at="2018-07-14T14:53:56Z">
          <params>
            <param index="0">
              <value>
                <![CDATA[chrome]]>
              </value>
            </param>
          </params>
          <reporter-output>
          </reporter-output>
        </test-method> <!-- setUp -->
        <test-method status="PASS" signature="signInTest()[pri:0, instance:com.hellofresh.challenge.WebTest@7cd62f43]" name="signInTest" duration-ms="11674" started-at="2018-07-14T14:53:56Z" finished-at="2018-07-14T14:54:08Z">
          <reporter-output>
          </reporter-output>
        </test-method> <!-- signInTest -->
        <test-method status="PASS" signature="checkFailure(org.testng.ITestResult)[pri:0, instance:com.hellofresh.challenge.WebTest@7cd62f43]" name="checkFailure" is-config="true" duration-ms="743" started-at="2018-07-14T14:54:08Z" finished-at="2018-07-14T14:54:08Z">
          <params>
            <param index="0">
              <value>
                <![CDATA[[TestResult name=signInTest status=SUCCESS method=WebTest.signInTest()[pri:0, instance:com.hellofresh.challenge.WebTest@7cd62f43] output={null}]]]>
              </value>
            </param>
          </params>
          <reporter-output>
          </reporter-output>
        </test-method> <!-- checkFailure -->
      </class> <!-- com.hellofresh.challenge.WebTest -->
    </test> <!-- TestForChrome -->
  </suite> <!-- Suite -->
</testng-results>
